running develop
Removing /home/auro/project/line_following/install/line_following/lib/python3.10/site-packages/line-following.egg-link (link to .)
running egg_info
writing build/line_following/line_following.egg-info/PKG-INFO
writing dependency_links to build/line_following/line_following.egg-info/dependency_links.txt
writing entry points to build/line_following/line_following.egg-info/entry_points.txt
writing requirements to build/line_following/line_following.egg-info/requires.txt
writing top-level names to build/line_following/line_following.egg-info/top_level.txt
reading manifest file 'build/line_following/line_following.egg-info/SOURCES.txt'
writing manifest file 'build/line_following/line_following.egg-info/SOURCES.txt'
running build
running build_py
creating /home/auro/project/line_following/build/line_following/build
creating /home/auro/project/line_following/build/line_following/build/lib
creating /home/auro/project/line_following/build/line_following/build/lib/line_following
copying line_following/controller.py -> /home/auro/project/line_following/build/line_following/build/lib/line_following
copying line_following/__init__.py -> /home/auro/project/line_following/build/line_following/build/lib/line_following
running install
running install_lib
creating /home/auro/project/line_following/install/line_following/lib/python3.10/site-packages/line_following
copying /home/auro/project/line_following/build/line_following/build/lib/line_following/controller.py -> /home/auro/project/line_following/install/line_following/lib/python3.10/site-packages/line_following
copying /home/auro/project/line_following/build/line_following/build/lib/line_following/__init__.py -> /home/auro/project/line_following/install/line_following/lib/python3.10/site-packages/line_following
byte-compiling /home/auro/project/line_following/install/line_following/lib/python3.10/site-packages/line_following/controller.py to controller.cpython-310.pyc
byte-compiling /home/auro/project/line_following/install/line_following/lib/python3.10/site-packages/line_following/__init__.py to __init__.cpython-310.pyc
running install_data
copying resource/line_following -> /home/auro/project/line_following/install/line_following/share/ament_index/resource_index/packages
copying package.xml -> /home/auro/project/line_following/install/line_following/share/line_following
running install_egg_info
Copying build/line_following/line_following.egg-info to /home/auro/project/line_following/install/line_following/lib/python3.10/site-packages/line_following-0.0.0-py3.10.egg-info
running install_scripts
Installing controller script to /home/auro/project/line_following/install/line_following/lib/line_following
writing list of installed files to '/home/auro/project/line_following/build/line_following/install.log'
